#
# A fatal error has been detected by the Java Runtime Environment:
#
#  SIGSEGV (0xb) at pc=0x000000010b9375a0, pid=3247, tid=18179
#
# JRE version: Java(TM) SE Runtime Environment (7.0_67-b01) (build 1.7.0_67-b01)
# Java VM: Java HotSpot(TM) 64-Bit Server VM (24.65-b04 mixed mode bsd-amd64 compressed oops)
# Problematic frame:
# V  [libjvm.dylib+0x3375a0]
#
# Failed to write core dump. Core dumps have been disabled. To enable core dumping, try "ulimit -c unlimited" before starting Java again
#
# If you would like to submit a bug report, please visit:
#   http://bugreport.sun.com/bugreport/crash.jsp
#

---------------  T H R E A D  ---------------

Current thread (0x00007f8372814000):  JavaThread "JDWP Transport Listener: dt_socket" daemon [_thread_in_vm, id=18179, stack(0x0000000115bc3000,0x0000000115cc3000)]

siginfo:si_signo=SIGSEGV: si_errno=0, si_code=0 (SEGV0), si_addr=0x0000000000000000

Registers:
RAX=0x0000000000000001, RBX=0x0000000115cc2a8b, RCX=0x00000000000fc080, RDX=0x0000000115cc2a8b
RSP=0x0000000115cc29f0, RBP=0x0000000115cc2a40, RSI=0x00007f8372814000, RDI=0x00007f8371f01a10
R8 =0x00007f8371d14aa0, R9 =0x00007f8371d156f0, R10=0x000000006fcff859, R11=0x000000002b29f4d5
R12=0x00007f8372814000, R13=0x0002000000000000, R14=0x0002000000000000, R15=0x00007f8371f01a10
RIP=0x000000010b9375a0, EFLAGS=0x0000000000010206, ERR=0x0000000000000000
  TRAPNO=0x000000000000000d

Top of Stack: (sp=0x0000000115cc29f0)
0x0000000115cc29f0:   00007f8372814000 0000000000000000
0x0000000115cc2a00:   0000000000000000 0000000000000000
0x0000000115cc2a10:   00007f8372814000 00007f8372814000
0x0000000115cc2a20:   0000000115cc2a8b 0000000115cc2a90
0x0000000115cc2a30:   0002000000000000 000000000000000f
0x0000000115cc2a40:   0000000115cc2a60 000000010ad681a8
0x0000000115cc2a50:   0000000000000001 0000000115cc2b08
0x0000000115cc2a60:   0000000115cc2ad0 000000010ad4cfbb
0x0000000115cc2a70:   0000000115cc2aa0 00007f8371d198f0
0x0000000115cc2a80:   0000001000000032 0000000a00cc2b08
0x0000000115cc2a90:   0000000000000000 0000000000000000
0x0000000115cc2aa0:   0000000000000000 0000000115cc2c90
0x0000000115cc2ab0:   000000010ad6fdc2 00007f8371f22d00
0x0000000115cc2ac0:   0000000115cc2b08 000000010ad7b588
0x0000000115cc2ad0:   0000000115cc2ae0 000000010ad4d0b4
0x0000000115cc2ae0:   0000000115cc2d00 000000010ad56642
0x0000000115cc2af0:   0001c51200000013 00000000000f0200
0x0000000115cc2b00:   00007f8371f23640 00007f8371d1b250
0x0000000115cc2b10:   00007f83000000f8 00007f8371d1b0b0
0x0000000115cc2b20:   00007f830000012c 0000000115cc2b58
0x0000000115cc2b30:   00007f8371d1b0b0 00007f0000000000
0x0000000115cc2b40:   0001c5120000001c 00007fff00005e80
0x0000000115cc2b50:   0000000115cc2b58 837f000010000000
0x0000000115cc2b60:   0b000000f8add171 646c696843786966
0x0000000115cc2b70:   2804000000677542 0000000000562949
0x0000000115cc2b80:   71837f00000a0000 3c0600000098ffc0
0x0000000115cc2b90:   0000003e74696e69 0000000056292803
0x0000000115cc2ba0:   837f000001000000 04000000a8ffc071
0x0000000115cc2bb0:   160000006e69616d 2f6176616a4c5b28
0x0000000115cc2bc0:   7274532f676e616c 000056293b676e69
0x0000000115cc2bd0:   0000090000000000 0000b8ffc071837f
0x0000000115cc2be0:   655474696e750800 2928030000007473 

Instructions: (pc=0x000000010b9375a0)
0x000000010b937580:   00 00 00 41 f6 87 68 01 00 00 10 75 07 b8 63 00
0x000000010b937590:   00 00 eb 7a 4d 85 f6 75 07 b8 17 00 00 00 eb 6e
0x000000010b9375a0:   4d 8b 36 48 b8 fe fe fe fe fe fe fe fe 49 39 c6
0x000000010b9375b0:   74 e7 4d 85 f6 74 e2 48 8d 05 62 4c 4d 00 80 38 

Register to memory mapping:

RAX=0x0000000000000001 is an unknown value
RBX=0x0000000115cc2a8b is pointing into the stack for thread: 0x00007f8372814000
RCX=0x00000000000fc080 is an unknown value
RDX=0x0000000115cc2a8b is pointing into the stack for thread: 0x00007f8372814000
RSP=0x0000000115cc29f0 is pointing into the stack for thread: 0x00007f8372814000
RBP=0x0000000115cc2a40 is pointing into the stack for thread: 0x00007f8372814000
RSI=0x00007f8372814000 is a thread
RDI=0x00007f8371f01a10 is an unknown value
R8 =0x00007f8371d14aa0 is an unknown value
R9 =0x00007f8371d156f0 is an unknown value
R10=0x000000006fcff859 is an unknown value
R11=0x000000002b29f4d5 is an unknown value
R12=0x00007f8372814000 is a thread
R13=0x0002000000000000 is an unknown value
R14=0x0002000000000000 is an unknown value
R15=0x00007f8371f01a10 is an unknown value


Stack: [0x0000000115bc3000,0x0000000115cc3000],  sp=0x0000000115cc29f0,  free space=1022k
Native frames: (J=compiled Java code, j=interpreted, Vv=VM code, C=native code)
V  [libjvm.dylib+0x3375a0]
C  [libjdwp.dylib+0x201a8]  isMethodSynthetic+0x63
C  [libjdwp.dylib+0x4fbb]  methods1+0x10b
C  [libjdwp.dylib+0x50b4]  methodsWithGeneric+0xe
C  [libjdwp.dylib+0xe642]  debugLoop_run+0x1ce
C  [libjdwp.dylib+0x1f0e2]  attachThread+0x4d
V  [libjvm.dylib+0x3781c2]
V  [libjvm.dylib+0x4f5855]
V  [libjvm.dylib+0x4f6f5d]
V  [libjvm.dylib+0x420772]
C  [libsystem_pthread.dylib+0x1899]  _pthread_body+0x8a
C  [libsystem_pthread.dylib+0x172a]  _pthread_struct_init+0x0
C  [libsystem_pthread.dylib+0x5fc9]  thread_start+0xd


---------------  P R O C E S S  ---------------

Java Threads: ( => current thread )
  0x00007f837384a000 JavaThread "Service Thread" daemon [_thread_blocked, id=20739, stack(0x00000001160d2000,0x00000001161d2000)]
  0x00007f8373011000 JavaThread "C2 CompilerThread1" daemon [_thread_blocked, id=20227, stack(0x0000000115fcf000,0x00000001160cf000)]
  0x00007f8373001000 JavaThread "C2 CompilerThread0" daemon [_thread_blocked, id=19715, stack(0x0000000115ecc000,0x0000000115fcc000)]
  0x00007f8372028800 JavaThread "JDWP Command Reader" daemon [_thread_in_native, id=19203, stack(0x0000000115dc9000,0x0000000115ec9000)]
  0x00007f8372028000 JavaThread "JDWP Event Helper Thread" daemon [_thread_blocked, id=18691, stack(0x0000000115cc6000,0x0000000115dc6000)]
=>0x00007f8372814000 JavaThread "JDWP Transport Listener: dt_socket" daemon [_thread_in_vm, id=18179, stack(0x0000000115bc3000,0x0000000115cc3000)]
  0x00007f8372020800 JavaThread "Signal Dispatcher" daemon [_thread_blocked, id=17667, stack(0x0000000115aba000,0x0000000115bba000)]
  0x00007f8373845000 JavaThread "Finalizer" daemon [_thread_blocked, id=12547, stack(0x000000011587a000,0x000000011597a000)]
  0x00007f8373844000 JavaThread "Reference Handler" daemon [_thread_blocked, id=12035, stack(0x0000000115777000,0x0000000115877000)]
  0x00007f8372800800 JavaThread "main" [_thread_blocked, id=6403, stack(0x000000010c060000,0x000000010c160000)]

Other Threads:
  0x00007f8373841800 VMThread [stack: 0x0000000115674000,0x0000000115774000] [id=11523]
  0x00007f837384c000 WatcherThread [stack: 0x00000001161d5000,0x00000001162d5000] [id=21251]

VM state:not at safepoint (normal execution)

VM Mutex/Monitor currently owned by a thread: None

Heap
 PSYoungGen      total 38912K, used 2027K [0x00000007d5500000, 0x00000007d8000000, 0x0000000800000000)
  eden space 33792K, 6% used [0x00000007d5500000,0x00000007d56faf48,0x00000007d7600000)
  from space 5120K, 0% used [0x00000007d7b00000,0x00000007d7b00000,0x00000007d8000000)
  to   space 5120K, 0% used [0x00000007d7600000,0x00000007d7600000,0x00000007d7b00000)
 ParOldGen       total 87040K, used 0K [0x0000000780000000, 0x0000000785500000, 0x00000007d5500000)
  object space 87040K, 0% used [0x0000000780000000,0x0000000780000000,0x0000000785500000)
 PSPermGen       total 21504K, used 3109K [0x000000077ae00000, 0x000000077c300000, 0x0000000780000000)
  object space 21504K, 14% used [0x000000077ae00000,0x000000077b109508,0x000000077c300000)

Card table byte_map: [0x000000010f222000,0x000000010f64c000] byte_map_base: 0x000000010b64b000

Polling page: 0x000000010ad47000

Code Cache  [0x000000010c162000, 0x000000010c3d2000, 0x000000010f162000)
 total_blobs=157 nmethods=0 adapters=135 free_code_cache=48777Kb largest_free_block=49947584

Compilation events (0 events):
No events

GC Heap History (0 events):
No events

Deoptimization events (0 events):
No events

Internal exceptions (8 events):
Event: 0.036 Thread 0x00007f8372800800 Threw 0x00000007d55105a8 at /HUDSON/workspace/7u-2-build-macosx-x86_64/jdk7u67/1368/hotspot/src/share/vm/prims/jni.cpp:3991
Event: 0.112 Thread 0x00007f8372800800 Threw 0x00000007d5551c90 at /HUDSON/workspace/7u-2-build-macosx-x86_64/jdk7u67/1368/hotspot/src/share/vm/prims/jni.cpp:717
Event: 0.112 Thread 0x00007f8372800800 Threw 0x00000007d5551e28 at /HUDSON/workspace/7u-2-build-macosx-x86_64/jdk7u67/1368/hotspot/src/share/vm/prims/jvm.cpp:1244
Event: 0.112 Thread 0x00007f8372800800 Threw 0x00000007d5551f50 at /HUDSON/workspace/7u-2-build-macosx-x86_64/jdk7u67/1368/hotspot/src/share/vm/prims/jvm.cpp:1244
Event: 0.119 Thread 0x00007f8372800800 Threw 0x00000007d555d520 at /HUDSON/workspace/7u-2-build-macosx-x86_64/jdk7u67/1368/hotspot/src/share/vm/prims/jvm.cpp:1244
Event: 0.125 Thread 0x00007f8372800800 Threw 0x00000007d55650d0 at /HUDSON/workspace/7u-2-build-macosx-x86_64/jdk7u67/1368/hotspot/src/share/vm/prims/jvm.cpp:1244
Event: 1.979 Thread 0x00007f8372800800 Threw 0x00000007d5576188 at /HUDSON/workspace/7u-2-build-macosx-x86_64/jdk7u67/1368/hotspot/src/share/vm/prims/jvm.cpp:1244
Event: 1.980 Thread 0x00007f8372800800 Threw 0x00000007d5578910 at /HUDSON/workspace/7u-2-build-macosx-x86_64/jdk7u67/1368/hotspot/src/share/vm/prims/jvm.cpp:1244

Events (10 events):
Event: 3269.290 Executing VM operation: ChangeSingleStep
Event: 3269.290 Executing VM operation: ChangeSingleStep done
Event: 3269.290 Executing VM operation: ChangeSingleStep
Event: 3269.290 Executing VM operation: ChangeSingleStep done
Event: 3301.354 Executing VM operation: RedefineClasses
Event: 3301.354 Executing VM operation: RedefineClasses done
Event: 3301.358 Executing VM operation: ChangeBreakpoints
Event: 3301.358 Executing VM operation: ChangeBreakpoints done
Event: 3755.937 Executing VM operation: RedefineClasses
Event: 3755.937 Executing VM operation: RedefineClasses done


Dynamic libraries:
0x0000000008606000 	/System/Library/Frameworks/Cocoa.framework/Versions/A/Cocoa
0x0000000008606000 	/System/Library/Frameworks/Security.framework/Versions/A/Security
0x0000000008606000 	/System/Library/Frameworks/ApplicationServices.framework/Versions/A/ApplicationServices
0x0000000008606000 	/usr/lib/libz.1.dylib
0x0000000008606000 	/usr/lib/libSystem.B.dylib
0x0000000008606000 	/usr/lib/libobjc.A.dylib
0x0000000008606000 	/System/Library/Frameworks/CoreFoundation.framework/Versions/A/CoreFoundation
0x0000000008606000 	/System/Library/Frameworks/Foundation.framework/Versions/C/Foundation
0x0000000008606000 	/System/Library/Frameworks/AppKit.framework/Versions/C/AppKit
0x0000000008606000 	/System/Library/Frameworks/CoreData.framework/Versions/A/CoreData
0x0000000008606000 	/System/Library/PrivateFrameworks/RemoteViewServices.framework/Versions/A/RemoteViewServices
0x0000000008606000 	/System/Library/Frameworks/AudioToolbox.framework/Versions/A/AudioToolbox
0x0000000008606000 	/System/Library/Frameworks/AudioUnit.framework/Versions/A/AudioUnit
0x0000000008606000 	/System/Library/PrivateFrameworks/DataDetectorsCore.framework/Versions/A/DataDetectorsCore
0x0000000008606000 	/System/Library/PrivateFrameworks/DesktopServicesPriv.framework/Versions/A/DesktopServicesPriv
0x0000000008606000 	/System/Library/Frameworks/Carbon.framework/Versions/A/Frameworks/HIToolbox.framework/Versions/A/HIToolbox
0x0000000008606000 	/System/Library/Frameworks/QuartzCore.framework/Versions/A/QuartzCore
0x0000000008606000 	/System/Library/Frameworks/Carbon.framework/Versions/A/Frameworks/SpeechRecognition.framework/Versions/A/SpeechRecognition
0x0000000008606000 	/usr/lib/libauto.dylib
0x0000000008606000 	/usr/lib/libicucore.A.dylib
0x0000000008606000 	/usr/lib/libxml2.2.dylib
0x0000000008606000 	/System/Library/PrivateFrameworks/CoreUI.framework/Versions/A/CoreUI
0x0000000008606000 	/System/Library/Frameworks/CoreAudio.framework/Versions/A/CoreAudio
0x0000000008606000 	/System/Library/Frameworks/DiskArbitration.framework/Versions/A/DiskArbitration
0x0000000008606000 	/usr/lib/liblangid.dylib
0x0000000008606000 	/System/Library/PrivateFrameworks/MultitouchSupport.framework/Versions/A/MultitouchSupport
0x0000000008606000 	/System/Library/Frameworks/IOKit.framework/Versions/A/IOKit
0x0000000008606000 	/usr/lib/libDiagnosticMessagesClient.dylib
0x0000000008606000 	/System/Library/Frameworks/CoreServices.framework/Versions/A/CoreServices
0x0000000008606000 	/System/Library/PrivateFrameworks/PerformanceAnalysis.framework/Versions/A/PerformanceAnalysis
0x0000000008606000 	/System/Library/PrivateFrameworks/GenerationalStorage.framework/Versions/A/GenerationalStorage
0x0000000008606000 	/System/Library/Frameworks/OpenGL.framework/Versions/A/OpenGL
0x0000000008606000 	/System/Library/PrivateFrameworks/Sharing.framework/Versions/A/Sharing
0x0000000008606000 	/System/Library/Frameworks/ImageIO.framework/Versions/A/ImageIO
0x0000000008606000 	/System/Library/Frameworks/CoreText.framework/Versions/A/CoreText
0x0000000008606000 	/System/Library/Frameworks/CoreGraphics.framework/Versions/A/CoreGraphics
0x0000000008606000 	/System/Library/PrivateFrameworks/Backup.framework/Versions/A/Backup
0x0000000008606000 	/System/Library/Frameworks/CFNetwork.framework/Versions/A/CFNetwork
0x0000000008606000 	/System/Library/Frameworks/SystemConfiguration.framework/Versions/A/SystemConfiguration
0x0000000008606000 	/usr/lib/libCRFSuite.dylib
0x0000000008606000 	/usr/lib/libc++.1.dylib
0x0000000008606000 	/usr/lib/libc++abi.dylib
0x0000000008606000 	/usr/lib/system/libcache.dylib
0x0000000008606000 	/usr/lib/system/libcommonCrypto.dylib
0x0000000008606000 	/usr/lib/system/libcompiler_rt.dylib
0x0000000008606000 	/usr/lib/system/libcopyfile.dylib
0x0000000008606000 	/usr/lib/system/libcorecrypto.dylib
0x0000000008606000 	/usr/lib/system/libdispatch.dylib
0x0000000008606000 	/usr/lib/system/libdyld.dylib
0x0000000008606000 	/usr/lib/system/libkeymgr.dylib
0x0000000008606000 	/usr/lib/system/liblaunch.dylib
0x0000000008606000 	/usr/lib/system/libmacho.dylib
0x0000000008606000 	/usr/lib/system/libquarantine.dylib
0x0000000008606000 	/usr/lib/system/libremovefile.dylib
0x0000000008606000 	/usr/lib/system/libsystem_asl.dylib
0x0000000008606000 	/usr/lib/system/libsystem_blocks.dylib
0x0000000008606000 	/usr/lib/system/libsystem_c.dylib
0x0000000008606000 	/usr/lib/system/libsystem_configuration.dylib
0x0000000008606000 	/usr/lib/system/libsystem_dnssd.dylib
0x0000000008606000 	/usr/lib/system/libsystem_info.dylib
0x0000000008606000 	/usr/lib/system/libsystem_kernel.dylib
0x0000000008606000 	/usr/lib/system/libsystem_m.dylib
0x0000000008606000 	/usr/lib/system/libsystem_malloc.dylib
0x0000000008606000 	/usr/lib/system/libsystem_network.dylib
0x0000000008606000 	/usr/lib/system/libsystem_notify.dylib
0x0000000008606000 	/usr/lib/system/libsystem_platform.dylib
0x0000000008606000 	/usr/lib/system/libsystem_pthread.dylib
0x0000000008606000 	/usr/lib/system/libsystem_sandbox.dylib
0x0000000008606000 	/usr/lib/system/libsystem_stats.dylib
0x0000000008606000 	/usr/lib/system/libunc.dylib
0x0000000008606000 	/usr/lib/system/libunwind.dylib
0x0000000008606000 	/usr/lib/system/libxpc.dylib
0x0000000008606000 	/usr/lib/libbsm.0.dylib
0x0000000008606000 	/usr/lib/libsqlite3.dylib
0x0000000008606000 	/usr/lib/libxar.1.dylib
0x0000000008606000 	/usr/lib/libpam.2.dylib
0x0000000008606000 	/usr/lib/libOpenScriptingUtil.dylib
0x0000000008606000 	/usr/lib/libbz2.1.0.dylib
0x0000000008606000 	/System/Library/Frameworks/CoreServices.framework/Versions/A/Frameworks/CarbonCore.framework/Versions/A/CarbonCore
0x0000000008606000 	/System/Library/Frameworks/CoreServices.framework/Versions/A/Frameworks/Metadata.framework/Versions/A/Metadata
0x0000000008606000 	/System/Library/Frameworks/CoreServices.framework/Versions/A/Frameworks/OSServices.framework/Versions/A/OSServices
0x0000000008606000 	/System/Library/Frameworks/CoreServices.framework/Versions/A/Frameworks/SearchKit.framework/Versions/A/SearchKit
0x0000000008606000 	/System/Library/Frameworks/CoreServices.framework/Versions/A/Frameworks/AE.framework/Versions/A/AE
0x0000000008606000 	/System/Library/Frameworks/CoreServices.framework/Versions/A/Frameworks/LaunchServices.framework/Versions/A/LaunchServices
0x0000000008606000 	/System/Library/Frameworks/CoreServices.framework/Versions/A/Frameworks/DictionaryServices.framework/Versions/A/DictionaryServices
0x0000000008606000 	/System/Library/Frameworks/NetFS.framework/Versions/A/NetFS
0x0000000008606000 	/usr/lib/system/libkxld.dylib
0x0000000008606000 	/System/Library/PrivateFrameworks/NetAuth.framework/Versions/A/NetAuth
0x0000000008606000 	/System/Library/PrivateFrameworks/TCC.framework/Versions/A/TCC
0x0000000008606000 	/System/Library/Frameworks/OpenDirectory.framework/Versions/A/Frameworks/CFOpenDirectory.framework/Versions/A/CFOpenDirectory
0x0000000008606000 	/System/Library/Frameworks/ServiceManagement.framework/Versions/A/ServiceManagement
0x0000000008606000 	/usr/lib/libxslt.1.dylib
0x0000000008606000 	/System/Library/Frameworks/Carbon.framework/Versions/A/Frameworks/Ink.framework/Versions/A/Ink
0x0000000008606000 	/System/Library/Frameworks/ApplicationServices.framework/Versions/A/Frameworks/ATS.framework/Versions/A/ATS
0x0000000008606000 	/System/Library/Frameworks/ApplicationServices.framework/Versions/A/Frameworks/ColorSync.framework/Versions/A/ColorSync
0x0000000008606000 	/System/Library/Frameworks/ApplicationServices.framework/Versions/A/Frameworks/HIServices.framework/Versions/A/HIServices
0x0000000008606000 	/System/Library/Frameworks/ApplicationServices.framework/Versions/A/Frameworks/LangAnalysis.framework/Versions/A/LangAnalysis
0x0000000008606000 	/System/Library/Frameworks/ApplicationServices.framework/Versions/A/Frameworks/PrintCore.framework/Versions/A/PrintCore
0x0000000008606000 	/System/Library/Frameworks/ApplicationServices.framework/Versions/A/Frameworks/QD.framework/Versions/A/QD
0x0000000008606000 	/System/Library/Frameworks/ApplicationServices.framework/Versions/A/Frameworks/SpeechSynthesis.framework/Versions/A/SpeechSynthesis
0x0000000008606000 	/System/Library/Frameworks/IOSurface.framework/Versions/A/IOSurface
0x0000000008606000 	/System/Library/Frameworks/Accelerate.framework/Versions/A/Accelerate
0x0000000008606000 	/System/Library/Frameworks/Accelerate.framework/Versions/A/Frameworks/vImage.framework/Versions/A/vImage
0x0000000008606000 	/System/Library/Frameworks/Accelerate.framework/Versions/A/Frameworks/vecLib.framework/Versions/A/vecLib
0x0000000008606000 	/System/Library/Frameworks/Accelerate.framework/Versions/A/Frameworks/vecLib.framework/Versions/A/libvDSP.dylib
0x0000000008606000 	/System/Library/Frameworks/Accelerate.framework/Versions/A/Frameworks/vecLib.framework/Versions/A/libvMisc.dylib
0x0000000008606000 	/System/Library/Frameworks/Accelerate.framework/Versions/A/Frameworks/vecLib.framework/Versions/A/libLAPACK.dylib
0x0000000008606000 	/System/Library/Frameworks/Accelerate.framework/Versions/A/Frameworks/vecLib.framework/Versions/A/libBLAS.dylib
0x0000000008606000 	/System/Library/Frameworks/ApplicationServices.framework/Versions/A/Frameworks/ATS.framework/Versions/A/Resources/libFontParser.dylib
0x0000000008606000 	/System/Library/Frameworks/ApplicationServices.framework/Versions/A/Frameworks/ATS.framework/Versions/A/Resources/libFontRegistry.dylib
0x0000000008606000 	/System/Library/Frameworks/ImageIO.framework/Versions/A/Resources/libJPEG.dylib
0x0000000008606000 	/System/Library/Frameworks/ImageIO.framework/Versions/A/Resources/libTIFF.dylib
0x0000000008606000 	/System/Library/Frameworks/ImageIO.framework/Versions/A/Resources/libPng.dylib
0x0000000008606000 	/System/Library/Frameworks/ImageIO.framework/Versions/A/Resources/libGIF.dylib
0x0000000008606000 	/System/Library/Frameworks/ImageIO.framework/Versions/A/Resources/libJP2.dylib
0x0000000008606000 	/System/Library/Frameworks/ImageIO.framework/Versions/A/Resources/libRadiance.dylib
0x0000000008606000 	/usr/lib/libcups.2.dylib
0x0000000008606000 	/System/Library/Frameworks/Kerberos.framework/Versions/A/Kerberos
0x0000000008606000 	/System/Library/Frameworks/GSS.framework/Versions/A/GSS
0x0000000008606000 	/usr/lib/libresolv.9.dylib
0x0000000008606000 	/usr/lib/libiconv.2.dylib
0x0000000008606000 	/System/Library/PrivateFrameworks/Heimdal.framework/Versions/A/Heimdal
0x0000000008606000 	/System/Library/PrivateFrameworks/TrustEvaluationAgent.framework/Versions/A/TrustEvaluationAgent
0x0000000008606000 	/usr/lib/libheimdal-asn1.dylib
0x0000000008606000 	/System/Library/Frameworks/OpenDirectory.framework/Versions/A/OpenDirectory
0x0000000008606000 	/System/Library/PrivateFrameworks/CommonAuth.framework/Versions/A/CommonAuth
0x0000000008606000 	/System/Library/Frameworks/SecurityFoundation.framework/Versions/A/SecurityFoundation
0x0000000008606000 	/System/Library/PrivateFrameworks/Bom.framework/Versions/A/Bom
0x0000000008606000 	/System/Library/Frameworks/CoreVideo.framework/Versions/A/CoreVideo
0x0000000008606000 	/System/Library/Frameworks/QuartzCore.framework/Versions/A/Frameworks/CoreImage.framework/Versions/A/CoreImage
0x0000000008606000 	/System/Library/Frameworks/QuartzCore.framework/Versions/A/Frameworks/ScalableUserInterface.framework/Versions/A/ScalableUserInterface
0x0000000008606000 	/System/Library/Frameworks/OpenGL.framework/Versions/A/Libraries/libGLU.dylib
0x0000000008606000 	/System/Library/Frameworks/OpenGL.framework/Versions/A/Libraries/libGFXShared.dylib
0x0000000008606000 	/System/Library/Frameworks/OpenGL.framework/Versions/A/Libraries/libGL.dylib
0x0000000008606000 	/System/Library/Frameworks/OpenGL.framework/Versions/A/Libraries/libGLImage.dylib
0x0000000008606000 	/System/Library/Frameworks/OpenGL.framework/Versions/A/Libraries/libCVMSPluginSupport.dylib
0x0000000008606000 	/System/Library/Frameworks/OpenGL.framework/Versions/A/Libraries/libCoreVMClient.dylib
0x0000000008606000 	/System/Library/PrivateFrameworks/FaceCore.framework/Versions/A/FaceCore
0x0000000008606000 	/System/Library/PrivateFrameworks/CrashReporterSupport.framework/Versions/A/CrashReporterSupport
0x0000000008606000 	/System/Library/Frameworks/OpenCL.framework/Versions/A/OpenCL
0x0000000008606000 	/System/Library/PrivateFrameworks/AppleFSCompression.framework/Versions/A/AppleFSCompression
0x0000000008606000 	/System/Library/PrivateFrameworks/Ubiquity.framework/Versions/A/Ubiquity
0x0000000008606000 	/System/Library/PrivateFrameworks/IconServices.framework/Versions/A/IconServices
0x0000000008606000 	/System/Library/PrivateFrameworks/ChunkingLibrary.framework/Versions/A/ChunkingLibrary
0x0000000008606000 	/System/Library/PrivateFrameworks/CoreSymbolication.framework/Versions/A/CoreSymbolication
0x0000000008606000 	/System/Library/PrivateFrameworks/Symbolication.framework/Versions/A/Symbolication
0x0000000008606000 	/System/Library/PrivateFrameworks/DebugSymbols.framework/Versions/A/DebugSymbols
0x000000010b600000 	/Library/Java/JavaVirtualMachines/jdk1.7.0_67.jdk/Contents/Home/jre/lib/server/libjvm.dylib
0x0000000008606000 	/usr/lib/libstdc++.6.dylib
0x000000010ad0a000 	/Library/Java/JavaVirtualMachines/jdk1.7.0_67.jdk/Contents/Home/jre/lib/libverify.dylib
0x000000010ad17000 	/Library/Java/JavaVirtualMachines/jdk1.7.0_67.jdk/Contents/Home/jre/lib/libjava.dylib
0x000000010ad48000 	/Library/Java/JavaVirtualMachines/jdk1.7.0_67.jdk/Contents/Home/jre/lib/libjdwp.dylib
0x000000010ad85000 	/Library/Java/JavaVirtualMachines/jdk1.7.0_67.jdk/Contents/Home/jre/lib/libnpt.dylib
0x000000010ad92000 	/Library/Java/JavaVirtualMachines/jdk1.7.0_67.jdk/Contents/Home/jre/lib/libzip.dylib
0x000000011597c000 	/System/Library/Frameworks/JavaVM.framework/Frameworks/JavaRuntimeSupport.framework/JavaRuntimeSupport
0x0000000115994000 	/System/Library/Frameworks/JavaVM.framework/Versions/A/Frameworks/JavaNativeFoundation.framework/Versions/A/JavaNativeFoundation
0x000000010adef000 	/System/Library/Frameworks/JavaVM.framework/Versions/A/JavaVM
0x0000000008606000 	/System/Library/Frameworks/Carbon.framework/Versions/A/Carbon
0x00000001159a8000 	/System/Library/PrivateFrameworks/JavaLaunching.framework/Versions/A/JavaLaunching
0x0000000008606000 	/System/Library/Frameworks/Carbon.framework/Versions/A/Frameworks/CommonPanels.framework/Versions/A/CommonPanels
0x0000000008606000 	/System/Library/Frameworks/Carbon.framework/Versions/A/Frameworks/Help.framework/Versions/A/Help
0x0000000008606000 	/System/Library/Frameworks/Carbon.framework/Versions/A/Frameworks/ImageCapture.framework/Versions/A/ImageCapture
0x0000000008606000 	/System/Library/Frameworks/Carbon.framework/Versions/A/Frameworks/OpenScripting.framework/Versions/A/OpenScripting
0x0000000008606000 	/System/Library/Frameworks/Carbon.framework/Versions/A/Frameworks/Print.framework/Versions/A/Print
0x0000000008606000 	/System/Library/Frameworks/Carbon.framework/Versions/A/Frameworks/SecurityHI.framework/Versions/A/SecurityHI
0x0000000115bbc000 	/Library/Java/JavaVirtualMachines/jdk1.7.0_67.jdk/Contents/Home/jre/lib/libdt_socket.dylib

VM Arguments:
jvm_args: -agentlib:jdwp=transport=dt_socket,suspend=y,address=localhost:54128 -Dfile.encoding=UTF-8 
java_command: JobQueue
Launcher Type: SUN_STANDARD

Environment Variables:
PATH=/usr/bin:/bin:/usr/sbin:/sbin
SHELL=/bin/bash

Signal Handlers:
SIGSEGV: [libjvm.dylib+0x52b6c9], sa_mask[0]=0xfffefeff, sa_flags=0x00000043
SIGBUS: [libjvm.dylib+0x52b6c9], sa_mask[0]=0xfffefeff, sa_flags=0x00000042
SIGFPE: [libjvm.dylib+0x41deaa], sa_mask[0]=0xfffefeff, sa_flags=0x00000042
SIGPIPE: [libjvm.dylib+0x41deaa], sa_mask[0]=0xfffefeff, sa_flags=0x00000042
SIGXFSZ: [libjvm.dylib+0x41deaa], sa_mask[0]=0xfffefeff, sa_flags=0x00000042
SIGILL: [libjvm.dylib+0x41deaa], sa_mask[0]=0xfffefeff, sa_flags=0x00000042
SIGUSR1: SIG_DFL, sa_mask[0]=0x00000000, sa_flags=0x00000002
SIGUSR2: [libjvm.dylib+0x41d99c], sa_mask[0]=0x00000004, sa_flags=0x00000042
SIGHUP: [libjvm.dylib+0x41bc2d], sa_mask[0]=0xfffefeff, sa_flags=0x00000042
SIGINT: [libjvm.dylib+0x41bc2d], sa_mask[0]=0xfffefeff, sa_flags=0x00000042
SIGTERM: [libjvm.dylib+0x41bc2d], sa_mask[0]=0xfffefeff, sa_flags=0x00000042
SIGQUIT: [libjvm.dylib+0x41bc2d], sa_mask[0]=0xfffefeff, sa_flags=0x00000042


---------------  S Y S T E M  ---------------

OS:Bsduname:Darwin 13.4.0 Darwin Kernel Version 13.4.0: Mon Jan 11 18:17:34 PST 2016; root:xnu-2422.115.15~1/RELEASE_X86_64 x86_64
rlimit: STACK 8192k, CORE 0k, NPROC 709, NOFILE 10240, AS infinity
load average:1.88 1.81 1.78

CPU:total 4 (2 cores per cpu, 2 threads per core) family 6 model 69 stepping 1, cmov, cx8, fxsr, mmx, sse, sse2, sse3, ssse3, sse4.1, sse4.2, popcnt, avx, avx2, aes, erms, ht, tsc, tscinvbit

Memory: 4k page, physical 8388608k(2097152k free)

/proc/meminfo:


vm_info: Java HotSpot(TM) 64-Bit Server VM (24.65-b04) for bsd-amd64 JRE (1.7.0_67-b01), built on Jul 25 2014 08:51:51 by "java_re" with gcc 4.2.1 (Based on Apple Inc. build 5658) (LLVM build 2336.11.00)

time: Sun Oct 30 00:11:48 2016
elapsed time: 3755 seconds

